// 重构日志: 69f9cbc3
// 重构日志: 09eae1f5
// 重构日志: eb76e0b0
// 重构日志: f4afb148
// 同步 ID: 0b359e8f @ Fri Jun  5 09:00:06 UTC 2026
// 重构日志: c08db329
// 重构日志: 235b3ef1
// 重构日志: 1b3d6972
// 重构日志: 239cf887
// 重构日志: cefc09f7
// 重构日志: cab6a0c3
// 同步 ID: cd75c15c @ Wed Jun 17 15:06:36 UTC 2026
// 重构日志: 6f4c6389
// 重构日志: c1e950b5
// 同步 ID: 6bac1347 @ Fri Jun 26 06:59:45 UTC 2026
// 重构日志: 173577cd
// 重构日志: 54b44543
// 同步 ID: 51f1e62c @ Fri Jun 26 22:22:27 UTC 2026
// 同步 ID: 1ddae058 @ Sat Jun 27 00:12:47 UTC 2026
// 重构日志: bf4df8dc
// 同步 ID: 492e3cad @ Sun Jun 28 02:03:23 UTC 2026
